<?xml version="1.0" encoding="UTF-8"?>
<!-- Generated by org.testng.reporters.JUnitXMLReporter -->
<testsuite ignored="0" hostname="LAPTOP-RN0MHEKV" failures="0" tests="4" name="Sanity Tests" time="13.858" errors="0" timestamp="2021-04-24T17:36:30 IST">
  <testcase classname="com.mavenTestNG.tests.loginWorkflow" name="loginIntoFacebook" time="0.195"/>
  <testcase classname="com.mavenTestNG.tests.loginWorkflow1" name="loginIntoFacebook2" time="0.196"/>
  <testcase classname="com.mavenTestNG.tests.loginWorkflow" name="loginIntoFacebook1" time="0.251"/>
  <testcase classname="com.mavenTestNG.tests.loginWorkflow1" name="loginIntoFacebook3" time="0.149"/>
</testsuite> <!-- Sanity Tests -->
